DEBUG:root:cat moved to B with 1 pieces
DEBUG:root:cat moved to H with 1 pieces
DEBUG:root:cat moved to F with 1 pieces
DEBUG:root:cat moved to K with 1 pieces
DEBUG:root:Cat used bird card to gain a move
DEBUG:root:bird added 34 to decree
DEBUG:root:bird recruited at L
DEBUG:root:bird fell into turmoil
DEBUG:root:bird chose Commander as its new leader
DEBUG:root:alliance spread sympathy to E
DEBUG:root:Alliance mobilized with 30
DEBUG:root:vagabond slipped to I
DEBUG:root:Cat built recruiter at I
DEBUG:root:Cat used bird card to gain a move
DEBUG:root:cat moved to I with 1 pieces
DEBUG:root:cat moved to C with 1 pieces
DEBUG:root:cat moved to K with 1 pieces
DEBUG:root:cat moved to F with 1 pieces
DEBUG:root:bird added 50 to decree
DEBUG:root:bird added 26 to decree
DEBUG:root:bird moved to K with 3 pieces
DEBUG:root:Bird initiated a battler agaisntcat
DEBUG:root:Rolls (3, {3})
DEBUG:root:Marquise lost 2 VPs, as it lost a recruiter
DEBUG:root:bird fell into turmoil
DEBUG:root:bird chose Builder as its new leader
DEBUG:root:alliance spread sympathy to F
DEBUG:root:vagabond slipped to H
DEBUG:root:cat moved to G with 1 pieces
DEBUG:root:cat moved to F with 1 pieces
DEBUG:root:Cat built sawmill at E
DEBUG:root:Cat battled alliance at F
DEBUG:root:Cat initiated a battler agaisntalliance
DEBUG:root:Rolls (3, {1})
DEBUG:root:Cat dmg: 1,alliance dmg 0
DEBUG:root:alliance lost sympathy
DEBUG:root:alliance choose a card
DEBUG:root:bird added 29 to decree
DEBUG:root:bird recruited at L
DEBUG:root:bird moved to H with 3 pieces
DEBUG:root:bird built at J
DEBUG:root:Alliance mobilized with 50
DEBUG:root:Alliance mobilized with 24
DEBUG:root:Alliance mobilized with 25
DEBUG:root:Alliance mobilized with 34
DEBUG:root:vagabond slipped to G
DEBUG:root:Vagabond explored ruin at G
DEBUG:root:vagabond moved to H with 0 pieces
DEBUG:root:Vagabond initiated a battler agaisntcat
DEBUG:root:Rolls (2, {1})
DEBUG:root:vagabond is getting 1 points
DEBUG:root:vagabond became hostile with cat
DEBUG:root:cat lost 1 soldiers
DEBUG:root:Cat battled bird at B
DEBUG:root:Cat initiated a battler agaisntbird
DEBUG:root:Rolls (0, {2})
DEBUG:root:Cat dmg: 0,bird dmg 1
DEBUG:root:bird lost 0 soldiers
DEBUG:root:Cat built workshop at E
DEBUG:root:cat moved to C with 1 pieces
DEBUG:root:cat moved to A with 1 pieces
