DEBUG:root:cat moved to A with 1 pieces
DEBUG:root:cat moved to E with 1 pieces
DEBUG:root:Cat built sawmill at H
DEBUG:root:cat moved to A with 1 pieces
DEBUG:root:cat moved to F with 1 pieces
DEBUG:root:bird added 11 to decree
DEBUG:root:bird added 38 to decree
DEBUG:root:bird moved to K with 6 pieces
DEBUG:root:Bird initiated a battler agaisntcat
DEBUG:root:Rolls (2, {3})
DEBUG:root:Marquise lost 2 VPs, as it lost a sawmill
DEBUG:root:bird built at F
DEBUG:root:bird built at J
DEBUG:root:alliance spread sympathy to B
DEBUG:root:Alliance mobilized with 5
DEBUG:root:Alliance trained with 47
DEBUG:root:vagabond slipped to H
DEBUG:root:Vagabond stole from cat
DEBUG:root:Vagabond initiated a battler agaisntcat
DEBUG:root:Rolls (3, {2})
DEBUG:root:vagabond is getting 1 points
DEBUG:root:vagabond became hostile with cat
DEBUG:root:cat lost 1 soldiers
DEBUG:root:cat moved to L with 1 pieces
DEBUG:root:cat moved to G with 1 pieces
DEBUG:root:Cat built recruiter at G
DEBUG:root:cat moved to D with 1 pieces
DEBUG:root:cat moved to G with 1 pieces
DEBUG:root:Cat used bird card to gain a move
DEBUG:root:bird added 32 to decree
DEBUG:root:bird added 25 to decree
DEBUG:root:bird moved to F with 1 pieces
DEBUG:root:bird built at K
DEBUG:root:alliance revolted at B
DEBUG:root:Marquise lost 0 points
DEBUG:root:Alliance mobilized with 23
DEBUG:root:Alliance organized at C
DEBUG:root:Alliance recruited at B
DEBUG:root:vagabond slipped to G
DEBUG:root:Vagabond explored ruin at G
DEBUG:root:Cat built recruiter at G
DEBUG:root:Cat used bird card to gain a move
DEBUG:root:cat moved to F with 2 pieces
DEBUG:root:cat moved to F with 1 pieces
DEBUG:root:cat moved to J with 1 pieces
DEBUG:root:cat moved to B with 2 pieces
DEBUG:root:bird added 14 to decree
DEBUG:root:bird added 49 to decree
DEBUG:root:bird recruited at K
DEBUG:root:bird recruited at K
DEBUG:root:Alliance mobilized with 15
DEBUG:root:Alliance trained with 4
DEBUG:root:Alliance mobilized with 26
DEBUG:root:Alliance organized at F
DEBUG:root:Alliance recruited at B
DEBUG:root:Alliance initiated a battler agaisntbird
DEBUG:root:Rolls (2, {2})
DEBUG:root:bird lost 1 soldiers
DEBUG:root:alliance lost sympathy
DEBUG:root:vagabond slipped to E
DEBUG:root:cat moved to I with 2 pieces
DEBUG:root:cat moved to E with 1 pieces
DEBUG:root:cat moved to I with 1 pieces
DEBUG:root:cat moved to C with 1 pieces
DEBUG:root:cat moved to C with 3 pieces
DEBUG:root:cat moved to J with 3 pieces
DEBUG:root:bird added 35 to decree
DEBUG:root:bird added 39 to decree
DEBUG:root:bird crafted royal_claim
DEBUG:root:Bird initiated a battler agaisntcat
DEBUG:root:Rolls (3, {0})
DEBUG:root:cat lost 2 soldiers
DEBUG:root:bird fell into turmoil
DEBUG:root:bird chose Charismatic as its new leader
DEBUG:root:alliance revolted at C
DEBUG:root:Marquise lost 0 points
DEBUG:root:alliance spread sympathy to G
DEBUG:root:Alliance mobilized with 8
DEBUG:root:Alliance mobilized with 29
DEBUG:root:Alliance moved to B with 1 pieces
DEBUG:root:Alliance moved to C with 1 pieces
DEBUG:root:Alliance moved to I with 1 pieces
DEBUG:root:Alliance moved to L with 1 pieces
DEBUG:root:vagabond slipped to N
DEBUG:root:Cat built sawmill at E
DEBUG:root:Cat recruited
DEBUG:root:cat moved to A with 1 pieces
DEBUG:root:cat moved to B with 1 pieces
DEBUG:root:bird used royal heir
DEBUG:root:bird added 45 to decree
DEBUG:root:bird added 44 to decree
DEBUG:root:bird recruited at L
DEBUG:root:bird recruited at K
DEBUG:root:Bird initiated a battler agaisntalliance
DEBUG:root:Rolls (0, {3})
DEBUG:root:bird built at B
DEBUG:root:alliance revolted at G
DEBUG:root:Marquise lost 0 points
DEBUG:root:alliance spread sympathy to K
DEBUG:root:Alliance trained with 50
DEBUG:root:Alliance moved to K with 1 pieces
DEBUG:root:Alliance initiated a battler agaisntbird
DEBUG:root:Rolls (3, {2})
DEBUG:root:bird lost 1 soldiers
DEBUG:root:Alliance initiated a battler agaisntbird
DEBUG:root:Rolls (0, {0})
DEBUG:root:bird lost 0 soldiers
DEBUG:root:Alliance initiated a battler agaisntcat
DEBUG:root:Rolls (0, {1})
DEBUG:root:cat lost 0 soldiers
DEBUG:root:Alliance recruited at G
DEBUG:root:Alliance moved to D with 1 pieces
DEBUG:root:vagabond slipped to G
DEBUG:root:Vagabond initiated a battler agaisntalliance
DEBUG:root:Rolls (2, {0})
DEBUG:root:vagabond is getting 0 points
DEBUG:root:alliance lost 0 soldiers
DEBUG:root:vagabond moved to H with 0 pieces
DEBUG:root:Cat battled bird at K
DEBUG:root:Cat initiated a battler agaisntbird
DEBUG:root:Rolls (1, {2})
DEBUG:root:Cat dmg: 1,bird dmg 2
DEBUG:root:bird lost 1 soldiers
DEBUG:root:cat moved to A with 1 pieces
DEBUG:root:cat moved to E with 1 pieces
DEBUG:root:Cat overworked A with 36
DEBUG:root:bird added 34 to decree
DEBUG:root:bird fell into turmoil
DEBUG:root:bird chose Builder as its new leader
DEBUG:root:alliance revolted at F
DEBUG:root:Marquise lost 0 points
DEBUG:root:Alliance mobilized with 17
DEBUG:root:Alliance crafted root_tea
DEBUG:root:Alliance mobilized with 2
DEBUG:root:Alliance mobilized with 6
DEBUG:root:Alliance moved to J with 1 pieces
DEBUG:root:Alliance moved to F with 1 pieces
DEBUG:root:Alliance moved to E with 1 pieces
DEBUG:root:Alliance moved to G with 1 pieces
DEBUG:root:Alliance moved to H with 1 pieces
DEBUG:root:Alliance moved to L with 1 pieces
DEBUG:root:vagabond slipped to R
DEBUG:root:vagabond moved to G with 0 pieces
DEBUG:root:Vagabond stole from alliance
DEBUG:root:Vagabond aided at <actors.Alliance object at 0x0000023C5AF27990>
DEBUG:root:Vagabond aided at <actors.Alliance object at 0x0000023C5AF27990>
DEBUG:root:Game 1 winner is eyrie, they won with a points victory
